Conversion #3 - 18 tracks

Client:  fre:ac - free audio converter
Version: v1.1.5 (x86-64)

System:  Windows 10 Pro (Release 2009, Build 19043)
CPU:     AMD Ryzen 9 3900X 12-Core Processor            
RAM:     64 GB

Date:    2021-11-02
Time:    14:27:16

hh:mm:ss.fff
------------
00:00:00.005 Starting conversion process...
00:00:00.005     Selected encoder:     LAME MP3 Encoder v3.100
00:00:00.005     Parallel processing:  Enabled (up to 18 threads)
00:00:00.005         SuperFast mode:   Enabled
00:00:00.005 
00:00:00.005     Output settings:      Multiple files
00:00:00.005         Filename pattern: <filename>
00:00:00.005 
00:00:00.014     Converting: sfx_enviro_ambient_day.ogg
00:00:00.014             to: sfx_enviro_ambient_day.mp3
00:00:00.014         Decoder: Ogg Vorbis Decoder
00:00:00.014 
00:00:00.030     Converting: tree_fall_down.mp3
00:00:00.030             to: tree_fall_down.mp3
00:00:00.030         Replacing input file with conversion result
00:00:00.030         Decoder: mpg123 Decoder
00:00:00.030 
00:00:00.030     Converting: sfx_enviro_ambient_night.ogg
00:00:00.030             to: sfx_enviro_ambient_night.mp3
00:00:00.030         Decoder: Ogg Vorbis Decoder
00:00:00.030 
00:00:00.031     Converting: SFX_Thunder_1.wav
00:00:00.031             to: SFX_Thunder_1.mp3
00:00:00.031         Decoder: SndFile Input Component v1.0.31
00:00:00.031 
00:00:00.032     Converting: SFX_Thunder_2.wav
00:00:00.032             to: SFX_Thunder_2.mp3
00:00:00.032         Decoder: SndFile Input Component v1.0.31
00:00:00.032 
00:00:00.033     Converting: SFX_Thunder_4.wav
00:00:00.033             to: SFX_Thunder_4.mp3
00:00:00.033         Decoder: SndFile Input Component v1.0.31
00:00:00.033 
00:00:00.033     Converting: SFX_Thunder_3.wav
00:00:00.033             to: SFX_Thunder_3.mp3
00:00:00.033         Decoder: SndFile Input Component v1.0.31
00:00:00.033 
00:00:00.035     Converting: SFX_Thunder_5.wav
00:00:00.035             to: SFX_Thunder_5.mp3
00:00:00.035         Decoder: SndFile Input Component v1.0.31
00:00:00.035 
00:00:00.035     Converting: sfx_enviro_blizzard.wav
00:00:00.035             to: sfx_enviro_blizzard.mp3
00:00:00.035         Decoder: SndFile Input Component v1.0.31
00:00:00.035 
00:00:00.035     Converting: SFX_Thunder_6.wav
00:00:00.035             to: SFX_Thunder_6.mp3
00:00:00.035         Decoder: SndFile Input Component v1.0.31
00:00:00.035 
00:00:00.035     Converting: sfx_envirolightrain2.wav
00:00:00.036             to: sfx_envirolightrain2.mp3
00:00:00.036         Decoder: SndFile Input Component v1.0.31
00:00:00.036 
00:00:00.036     Converting: SFX_Thunder_7.wav
00:00:00.036             to: SFX_Thunder_7.mp3
00:00:00.036         Decoder: SndFile Input Component v1.0.31
00:00:00.036 
00:00:00.036     Converting: SFX_Thunder_8.wav
00:00:00.036             to: SFX_Thunder_8.mp3
00:00:00.036         Decoder: SndFile Input Component v1.0.31
00:00:00.036 
00:00:00.036     Converting: sfx_enviro_heavyrain2.wav
00:00:00.036             to: sfx_enviro_heavyrain2.mp3
00:00:00.036         Decoder: SndFile Input Component v1.0.31
00:00:00.036 
00:00:00.036     Converting: sfx_enviro_heavyrain.wav
00:00:00.037             to: sfx_enviro_heavyrain.mp3
00:00:00.037         Decoder: SndFile Input Component v1.0.31
00:00:00.037 
00:00:00.037     Converting: sfx_enviro_liightrain.wav
00:00:00.037             to: sfx_enviro_liightrain.mp3
00:00:00.037         Decoder: SndFile Input Component v1.0.31
00:00:00.037 
00:00:00.037     Converting: sfx_enviro_storm.wav
00:00:00.037             to: sfx_enviro_storm.mp3
00:00:00.037         Decoder: SndFile Input Component v1.0.31
00:00:00.037 
00:00:00.037     Converting: sfx_enviro_wind_rain.wav
00:00:00.037             to: sfx_enviro_wind_rain.mp3
00:00:00.037         Decoder: SndFile Input Component v1.0.31
00:00:00.037 
00:00:00.042     Finished converting: sfx_enviro_heavyrain2.wav
00:00:00.042         Duration: 00:00.006 (273.0x speed)
00:00:00.042 
00:00:00.078     Finished converting: tree_fall_down.mp3
00:00:00.078         Duration: 00:00.048 (174.2x speed)
00:00:00.078 
00:00:00.125     Finished converting: sfx_enviro_storm.wav
00:00:00.125         Duration: 00:00.088 (341.3x speed)
00:00:00.125 
00:00:00.272     Finished converting: SFX_Thunder_5.wav
00:00:00.272         Duration: 00:00.237 (88.6x speed)
00:00:00.272 
00:00:00.278     Finished converting: SFX_Thunder_1.wav
00:00:00.278         Duration: 00:00.247 (86.5x speed)
00:00:00.278 
00:00:00.301     Finished converting: SFX_Thunder_4.wav
00:00:00.301         Duration: 00:00.268 (85.9x speed)
00:00:00.301 
00:00:00.306     Finished converting: sfx_enviro_heavyrain.wav
00:00:00.306         Duration: 00:00.269 (92.5x speed)
00:00:00.306 
00:00:00.307     Finished converting: SFX_Thunder_7.wav
00:00:00.307         Duration: 00:00.271 (93.2x speed)
00:00:00.307 
00:00:00.317     Finished converting: SFX_Thunder_2.wav
00:00:00.317         Duration: 00:00.285 (88.3x speed)
00:00:00.317 
00:00:00.324     Finished converting: SFX_Thunder_8.wav
00:00:00.324         Duration: 00:00.288 (87.8x speed)
00:00:00.324 
00:00:00.335     Finished converting: SFX_Thunder_3.wav
00:00:00.335         Duration: 00:00.302 (89.8x speed)
00:00:00.335 
00:00:00.354     Finished converting: SFX_Thunder_6.wav
00:00:00.354         Duration: 00:00.319 (91.4x speed)
00:00:00.354 
00:00:00.488     Finished converting: sfx_enviro_ambient_night.ogg
00:00:00.488         Duration: 00:00.458 (62.6x speed)
00:00:00.488 
00:00:00.565     Finished converting: sfx_envirolightrain2.wav
00:00:00.565         Duration: 00:00.529 (107.9x speed)
00:00:00.565 
00:00:00.573     Finished converting: sfx_enviro_ambient_day.ogg
00:00:00.573         Duration: 00:00.559 (109.5x speed)
00:00:00.573 
00:00:00.575     Finished converting: sfx_enviro_liightrain.wav
00:00:00.575         Duration: 00:00.538 (107.0x speed)
00:00:00.575 
00:00:00.718     Finished converting: sfx_enviro_wind_rain.wav
00:00:00.718         Duration: 00:00.681 (112.5x speed)
00:00:00.718 
00:00:01.708     Finished converting: sfx_enviro_blizzard.wav
00:00:01.708         Duration: 00:01.673 (123.0x speed)
00:00:01.708 
00:00:01.748     Total duration: 00:01.743 (429.9x speed)
